18:09:28.324 [main] INFO  c.m.m.db.MovieDbServiceApplication - Starting MovieDbServiceApplication using Java 21.0.2 with PID 24792 (C:\Vasu-Local\Java-Microservices\movie-db-service\target\classes started by Vasu_Seelamneni in C:\Vasu-Local\Java-Microservices\movie-db-service)
18:09:28.328 [main] INFO  c.m.m.db.MovieDbServiceApplication - No active profile set, falling back to 1 default profile: "default"
18:09:31.205 [main] INFO  o.s.d.r.c.RepositoryConfigurationDelegate - Bootstrapping Spring Data JPA repositories in DEFAULT mode.
18:09:31.468 [main] INFO  o.s.d.r.c.RepositoryConfigurationDelegate - Finished Spring Data repository scanning in 235 ms. Found 6 JPA repository interfaces.
18:09:33.249 [main] INFO  o.s.b.w.e.tomcat.TomcatWebServer - Tomcat initialized with port 8080 (http)
18:09:33.272 [main] INFO  o.a.coyote.http11.Http11NioProtocol - Initializing ProtocolHandler ["http-nio-8080"]
18:09:33.278 [main] INFO  o.a.catalina.core.StandardService - Starting service [Tomcat]
18:09:33.279 [main] INFO  o.a.catalina.core.StandardEngine - Starting Servlet engine: [Apache Tomcat/10.1.31]
18:09:33.442 [main] INFO  o.a.c.c.C.[Tomcat].[localhost].[/] - Initializing Spring embedded WebApplicationContext
18:09:33.444 [main] INFO  o.s.b.w.s.c.ServletWebServerApplicationContext - Root WebApplicationContext: initialization completed in 5028 ms
18:09:34.019 [main] INFO  o.h.jpa.internal.util.LogHelper - HHH000204: Processing PersistenceUnitInfo [name: default]
18:09:34.146 [main] INFO  org.hibernate.Version - HHH000412: Hibernate ORM core version 6.5.3.Final
18:09:34.212 [main] INFO  o.h.c.i.RegionFactoryInitiator - HHH000026: Second-level cache disabled
18:09:34.825 [main] INFO  o.s.o.j.p.SpringPersistenceUnitInfo - No LoadTimeWeaver setup: ignoring JPA class transformer
18:09:34.883 [main] INFO  com.zaxxer.hikari.HikariDataSource - HikariPool-1 - Starting...
18:09:35.093 [main] INFO  com.zaxxer.hikari.pool.HikariPool - HikariPool-1 - Added connection org.postgresql.jdbc.PgConnection@3d02ff64
18:09:35.094 [main] INFO  com.zaxxer.hikari.HikariDataSource - HikariPool-1 - Start completed.
18:09:35.118 [main] WARN  org.hibernate.orm.deprecation - HHH90000025: PostgreSQLDialect does not need to be specified explicitly using 'hibernate.dialect' (remove the property setting and it will be selected by default)
18:09:35.666 [main] WARN  org.hibernate.mapping.RootClass - HHH000038: Composite-id class does not override equals(): com.msp.movie.db.model.MovieActorId
18:09:35.666 [main] WARN  org.hibernate.mapping.RootClass - HHH000039: Composite-id class does not override hashCode(): com.msp.movie.db.model.MovieActorId
18:09:36.999 [main] INFO  o.h.e.t.j.p.i.JtaPlatformInitiator - HHH000489: No JTA platform available (set 'hibernate.transaction.jta.platform' to enable JTA platform integration)
18:09:37.165 [main] INFO  o.s.o.j.LocalContainerEntityManagerFactoryBean - Initialized JPA EntityManagerFactory for persistence unit 'default'
18:09:38.023 [main] WARN  o.s.b.a.o.j.JpaBaseConfiguration$JpaWebConfiguration - spring.jpa.open-in-view is enabled by default. Therefore, database queries may be performed during view rendering. Explicitly configure spring.jpa.open-in-view to disable this warning
18:09:39.606 [main] INFO  o.s.b.a.e.web.EndpointLinksResolver - Exposing 1 endpoint beneath base path '/actuator'
18:09:39.754 [main] INFO  o.a.coyote.http11.Http11NioProtocol - Starting ProtocolHandler ["http-nio-8080"]
18:09:39.799 [main] INFO  o.s.b.w.e.tomcat.TomcatWebServer - Tomcat started on port 8080 (http) with context path '/'
18:09:39.825 [main] INFO  c.m.m.db.MovieDbServiceApplication - Started MovieDbServiceApplication in 12.018 seconds (process running for 13.595)
19:20:18.135 [SpringApplicationShutdownHook] INFO  o.s.o.j.LocalContainerEntityManagerFactoryBean - Closing JPA EntityManagerFactory for persistence unit 'default'
19:20:18.156 [SpringApplicationShutdownHook] INFO  com.zaxxer.hikari.HikariDataSource - HikariPool-1 - Shutdown initiated...
19:20:18.166 [SpringApplicationShutdownHook] INFO  com.zaxxer.hikari.HikariDataSource - HikariPool-1 - Shutdown completed.
19:20:40.815 [main] INFO  c.m.m.db.MovieDbServiceApplication - Starting MovieDbServiceApplication using Java 21.0.2 with PID 32504 (C:\Vasu-Local\Java-Microservices\movie-db-service\target\classes started by Vasu_Seelamneni in C:\Vasu-Local\Java-Microservices\movie-db-service)
19:20:40.817 [main] INFO  c.m.m.db.MovieDbServiceApplication - No active profile set, falling back to 1 default profile: "default"
19:20:42.716 [main] INFO  o.s.d.r.c.RepositoryConfigurationDelegate - Bootstrapping Spring Data JPA repositories in DEFAULT mode.
19:20:42.901 [main] INFO  o.s.d.r.c.RepositoryConfigurationDelegate - Finished Spring Data repository scanning in 169 ms. Found 6 JPA repository interfaces.
19:20:44.379 [main] INFO  o.s.b.w.e.tomcat.TomcatWebServer - Tomcat initialized with port 8080 (http)
19:20:44.403 [main] INFO  o.a.coyote.http11.Http11NioProtocol - Initializing ProtocolHandler ["http-nio-8080"]
19:20:44.411 [main] INFO  o.a.catalina.core.StandardService - Starting service [Tomcat]
19:20:44.412 [main] INFO  o.a.catalina.core.StandardEngine - Starting Servlet engine: [Apache Tomcat/10.1.31]
19:20:44.574 [main] INFO  o.a.c.c.C.[Tomcat].[localhost].[/] - Initializing Spring embedded WebApplicationContext
19:20:44.576 [main] INFO  o.s.b.w.s.c.ServletWebServerApplicationContext - Root WebApplicationContext: initialization completed in 3703 ms
19:20:45.198 [main] INFO  o.h.jpa.internal.util.LogHelper - HHH000204: Processing PersistenceUnitInfo [name: default]
19:20:45.323 [main] INFO  org.hibernate.Version - HHH000412: Hibernate ORM core version 6.5.3.Final
19:20:45.403 [main] INFO  o.h.c.i.RegionFactoryInitiator - HHH000026: Second-level cache disabled
19:20:46.168 [main] INFO  o.s.o.j.p.SpringPersistenceUnitInfo - No LoadTimeWeaver setup: ignoring JPA class transformer
19:20:46.249 [main] INFO  com.zaxxer.hikari.HikariDataSource - HikariPool-1 - Starting...
19:20:46.525 [main] INFO  com.zaxxer.hikari.pool.HikariPool - HikariPool-1 - Added connection org.postgresql.jdbc.PgConnection@1c421b0f
19:20:46.526 [main] INFO  com.zaxxer.hikari.HikariDataSource - HikariPool-1 - Start completed.
19:20:46.556 [main] WARN  org.hibernate.orm.deprecation - HHH90000025: PostgreSQLDialect does not need to be specified explicitly using 'hibernate.dialect' (remove the property setting and it will be selected by default)
19:20:47.253 [main] WARN  org.hibernate.mapping.RootClass - HHH000038: Composite-id class does not override equals(): com.msp.movie.db.model.MovieActorId
19:20:47.253 [main] WARN  org.hibernate.mapping.RootClass - HHH000039: Composite-id class does not override hashCode(): com.msp.movie.db.model.MovieActorId
19:20:48.709 [main] INFO  o.h.e.t.j.p.i.JtaPlatformInitiator - HHH000489: No JTA platform available (set 'hibernate.transaction.jta.platform' to enable JTA platform integration)
19:20:48.871 [main] INFO  o.s.o.j.LocalContainerEntityManagerFactoryBean - Initialized JPA EntityManagerFactory for persistence unit 'default'
19:20:49.736 [main] WARN  o.s.b.a.o.j.JpaBaseConfiguration$JpaWebConfiguration - spring.jpa.open-in-view is enabled by default. Therefore, database queries may be performed during view rendering. Explicitly configure spring.jpa.open-in-view to disable this warning
19:20:51.611 [main] INFO  o.s.b.a.e.web.EndpointLinksResolver - Exposing 1 endpoint beneath base path '/actuator'
19:20:51.761 [main] INFO  o.a.coyote.http11.Http11NioProtocol - Starting ProtocolHandler ["http-nio-8080"]
19:20:51.817 [main] INFO  o.s.b.w.e.tomcat.TomcatWebServer - Tomcat started on port 8080 (http) with context path '/'
19:20:51.838 [main] INFO  c.m.m.db.MovieDbServiceApplication - Started MovieDbServiceApplication in 11.595 seconds (process running for 13.341)
19:21:12.126 [http-nio-8080-exec-1] INFO  o.a.c.c.C.[Tomcat].[localhost].[/] - Initializing Spring DispatcherServlet 'dispatcherServlet'
19:21:12.126 [http-nio-8080-exec-1] INFO  o.s.web.servlet.DispatcherServlet - Initializing Servlet 'dispatcherServlet'
19:21:12.128 [http-nio-8080-exec-1] INFO  o.s.web.servlet.DispatcherServlet - Completed initialization in 2 ms
19:21:12.191 [http-nio-8080-exec-1] INFO  c.m.m.db.controller.GenreController - Get all genres
19:29:53.204 [SpringApplicationShutdownHook] INFO  o.s.o.j.LocalContainerEntityManagerFactoryBean - Closing JPA EntityManagerFactory for persistence unit 'default'
19:29:53.208 [SpringApplicationShutdownHook] INFO  com.zaxxer.hikari.HikariDataSource - HikariPool-1 - Shutdown initiated...
19:29:53.215 [SpringApplicationShutdownHook] INFO  com.zaxxer.hikari.HikariDataSource - HikariPool-1 - Shutdown completed.
19:30:04.093 [main] INFO  c.m.m.db.MovieDbServiceApplication - Starting MovieDbServiceApplication using Java 21.0.2 with PID 28432 (C:\Vasu-Local\Java-Microservices\movie-db-service\target\classes started by Vasu_Seelamneni in C:\Vasu-Local\Java-Microservices\movie-db-service)
19:30:04.098 [main] INFO  c.m.m.db.MovieDbServiceApplication - No active profile set, falling back to 1 default profile: "default"
19:30:06.774 [main] INFO  o.s.d.r.c.RepositoryConfigurationDelegate - Bootstrapping Spring Data JPA repositories in DEFAULT mode.
19:30:07.259 [main] INFO  o.s.d.r.c.RepositoryConfigurationDelegate - Finished Spring Data repository scanning in 461 ms. Found 6 JPA repository interfaces.
19:30:09.659 [main] INFO  o.s.b.w.e.tomcat.TomcatWebServer - Tomcat initialized with port 8080 (http)
19:30:09.694 [main] INFO  o.a.coyote.http11.Http11NioProtocol - Initializing ProtocolHandler ["http-nio-8080"]
19:30:09.705 [main] INFO  o.a.catalina.core.StandardService - Starting service [Tomcat]
19:30:09.705 [main] INFO  o.a.catalina.core.StandardEngine - Starting Servlet engine: [Apache Tomcat/10.1.31]
19:30:09.882 [main] INFO  o.a.c.c.C.[Tomcat].[localhost].[/] - Initializing Spring embedded WebApplicationContext
19:30:09.884 [main] INFO  o.s.b.w.s.c.ServletWebServerApplicationContext - Root WebApplicationContext: initialization completed in 5728 ms
19:30:10.558 [main] INFO  o.h.jpa.internal.util.LogHelper - HHH000204: Processing PersistenceUnitInfo [name: default]
19:30:10.687 [main] INFO  org.hibernate.Version - HHH000412: Hibernate ORM core version 6.5.3.Final
19:30:10.760 [main] INFO  o.h.c.i.RegionFactoryInitiator - HHH000026: Second-level cache disabled
19:30:11.469 [main] INFO  o.s.o.j.p.SpringPersistenceUnitInfo - No LoadTimeWeaver setup: ignoring JPA class transformer
19:30:11.540 [main] INFO  com.zaxxer.hikari.HikariDataSource - HikariPool-1 - Starting...
19:30:11.764 [main] INFO  com.zaxxer.hikari.pool.HikariPool - HikariPool-1 - Added connection org.postgresql.jdbc.PgConnection@1df9f7c6
19:30:11.765 [main] INFO  com.zaxxer.hikari.HikariDataSource - HikariPool-1 - Start completed.
19:30:11.790 [main] WARN  org.hibernate.orm.deprecation - HHH90000025: PostgreSQLDialect does not need to be specified explicitly using 'hibernate.dialect' (remove the property setting and it will be selected by default)
19:30:12.411 [main] WARN  org.hibernate.mapping.RootClass - HHH000038: Composite-id class does not override equals(): com.msp.movie.db.model.MovieActorId
19:30:12.411 [main] WARN  org.hibernate.mapping.RootClass - HHH000039: Composite-id class does not override hashCode(): com.msp.movie.db.model.MovieActorId
19:30:13.775 [main] INFO  o.h.e.t.j.p.i.JtaPlatformInitiator - HHH000489: No JTA platform available (set 'hibernate.transaction.jta.platform' to enable JTA platform integration)
19:30:13.915 [main] INFO  o.s.o.j.LocalContainerEntityManagerFactoryBean - Initialized JPA EntityManagerFactory for persistence unit 'default'
19:30:14.713 [main] WARN  o.s.b.a.o.j.JpaBaseConfiguration$JpaWebConfiguration - spring.jpa.open-in-view is enabled by default. Therefore, database queries may be performed during view rendering. Explicitly configure spring.jpa.open-in-view to disable this warning
19:30:16.577 [main] INFO  o.s.b.a.e.web.EndpointLinksResolver - Exposing 1 endpoint beneath base path '/actuator'
19:30:16.713 [main] INFO  o.a.coyote.http11.Http11NioProtocol - Starting ProtocolHandler ["http-nio-8080"]
19:30:16.755 [main] INFO  o.s.b.w.e.tomcat.TomcatWebServer - Tomcat started on port 8080 (http) with context path '/'
19:30:16.779 [main] INFO  c.m.m.db.MovieDbServiceApplication - Started MovieDbServiceApplication in 13.253 seconds (process running for 15.036)
19:31:57.594 [http-nio-8080-exec-1] INFO  o.a.c.c.C.[Tomcat].[localhost].[/] - Initializing Spring DispatcherServlet 'dispatcherServlet'
19:31:57.595 [http-nio-8080-exec-1] INFO  o.s.web.servlet.DispatcherServlet - Initializing Servlet 'dispatcherServlet'
19:31:57.600 [http-nio-8080-exec-1] INFO  o.s.web.servlet.DispatcherServlet - Completed initialization in 4 ms
19:40:42.050 [SpringApplicationShutdownHook] INFO  o.s.o.j.LocalContainerEntityManagerFactoryBean - Closing JPA EntityManagerFactory for persistence unit 'default'
19:40:42.052 [SpringApplicationShutdownHook] INFO  com.zaxxer.hikari.HikariDataSource - HikariPool-1 - Shutdown initiated...
19:40:42.058 [SpringApplicationShutdownHook] INFO  com.zaxxer.hikari.HikariDataSource - HikariPool-1 - Shutdown completed.
21:44:36.595 [main] INFO  com.msp.MovieDbServiceApplication - Starting MovieDbServiceApplication using Java 21.0.2 with PID 3636 (C:\Vasu-Local\Java-Microservices\movie-db-service\target\classes started by Vasu_Seelamneni in C:\Vasu-Local\Java-Microservices\movie-db-service)
21:44:36.597 [main] INFO  com.msp.MovieDbServiceApplication - No active profile set, falling back to 1 default profile: "default"
21:44:37.616 [main] INFO  o.s.d.r.c.RepositoryConfigurationDelegate - Bootstrapping Spring Data JPA repositories in DEFAULT mode.
21:44:37.740 [main] INFO  o.s.d.r.c.RepositoryConfigurationDelegate - Finished Spring Data repository scanning in 117 ms. Found 6 JPA repository interfaces.
21:44:39.034 [main] INFO  o.s.b.w.e.tomcat.TomcatWebServer - Tomcat initialized with port 8080 (http)
21:44:39.055 [main] INFO  o.a.coyote.http11.Http11NioProtocol - Initializing ProtocolHandler ["http-nio-8080"]
21:44:39.060 [main] INFO  o.a.catalina.core.StandardService - Starting service [Tomcat]
21:44:39.060 [main] INFO  o.a.catalina.core.StandardEngine - Starting Servlet engine: [Apache Tomcat/10.1.31]
21:44:39.202 [main] INFO  o.a.c.c.C.[Tomcat].[localhost].[/] - Initializing Spring embedded WebApplicationContext
21:44:39.203 [main] INFO  o.s.b.w.s.c.ServletWebServerApplicationContext - Root WebApplicationContext: initialization completed in 2575 ms
21:44:40.004 [main] INFO  o.h.jpa.internal.util.LogHelper - HHH000204: Processing PersistenceUnitInfo [name: default]
21:44:40.155 [main] INFO  org.hibernate.Version - HHH000412: Hibernate ORM core version 6.5.3.Final
21:44:40.244 [main] INFO  o.h.c.i.RegionFactoryInitiator - HHH000026: Second-level cache disabled
21:44:41.076 [main] INFO  o.s.o.j.p.SpringPersistenceUnitInfo - No LoadTimeWeaver setup: ignoring JPA class transformer
21:44:41.139 [main] INFO  com.zaxxer.hikari.HikariDataSource - HikariPool-1 - Starting...
21:44:41.423 [main] INFO  com.zaxxer.hikari.pool.HikariPool - HikariPool-1 - Added connection org.postgresql.jdbc.PgConnection@61c58320
21:44:41.425 [main] INFO  com.zaxxer.hikari.HikariDataSource - HikariPool-1 - Start completed.
21:44:41.485 [main] WARN  org.hibernate.orm.deprecation - HHH90000025: PostgreSQLDialect does not need to be specified explicitly using 'hibernate.dialect' (remove the property setting and it will be selected by default)
21:44:42.179 [main] WARN  org.hibernate.mapping.RootClass - HHH000038: Composite-id class does not override equals(): com.msp.movie.db.model.MovieActorId
21:44:42.180 [main] WARN  org.hibernate.mapping.RootClass - HHH000039: Composite-id class does not override hashCode(): com.msp.movie.db.model.MovieActorId
21:44:43.862 [main] INFO  o.h.e.t.j.p.i.JtaPlatformInitiator - HHH000489: No JTA platform available (set 'hibernate.transaction.jta.platform' to enable JTA platform integration)
21:44:44.054 [main] INFO  o.s.o.j.LocalContainerEntityManagerFactoryBean - Initialized JPA EntityManagerFactory for persistence unit 'default'
21:44:45.039 [main] WARN  o.s.b.a.o.j.JpaBaseConfiguration$JpaWebConfiguration - spring.jpa.open-in-view is enabled by default. Therefore, database queries may be performed during view rendering. Explicitly configure spring.jpa.open-in-view to disable this warning
21:44:46.606 [main] INFO  o.s.b.a.e.web.EndpointLinksResolver - Exposing 1 endpoint beneath base path '/actuator'
21:44:46.793 [main] INFO  o.a.coyote.http11.Http11NioProtocol - Starting ProtocolHandler ["http-nio-8080"]
21:44:46.852 [main] INFO  o.s.b.w.e.tomcat.TomcatWebServer - Tomcat started on port 8080 (http) with context path '/'
21:44:46.881 [main] INFO  com.msp.MovieDbServiceApplication - Started MovieDbServiceApplication in 10.597 seconds (process running for 11.771)
21:44:47.463 [RMI TCP Connection(3)-192.168.0.143] INFO  o.a.c.c.C.[Tomcat].[localhost].[/] - Initializing Spring DispatcherServlet 'dispatcherServlet'
21:44:47.463 [RMI TCP Connection(3)-192.168.0.143] INFO  o.s.web.servlet.DispatcherServlet - Initializing Servlet 'dispatcherServlet'
21:44:47.465 [RMI TCP Connection(3)-192.168.0.143] INFO  o.s.web.servlet.DispatcherServlet - Completed initialization in 1 ms
22:49:28.229 [HikariPool-1 housekeeper] WARN  com.zaxxer.hikari.pool.HikariPool - HikariPool-1 - Thread starvation or clock leap detected (housekeeper delta=43m46s372ms677µs400ns).
22:51:49.580 [SpringApplicationShutdownHook] INFO  o.s.o.j.LocalContainerEntityManagerFactoryBean - Closing JPA EntityManagerFactory for persistence unit 'default'
22:51:49.583 [SpringApplicationShutdownHook] INFO  com.zaxxer.hikari.HikariDataSource - HikariPool-1 - Shutdown initiated...
22:51:49.590 [SpringApplicationShutdownHook] INFO  com.zaxxer.hikari.HikariDataSource - HikariPool-1 - Shutdown completed.
22:51:57.732 [main] INFO  com.msp.MovieDbServiceApplication - Starting MovieDbServiceApplication using Java 21.0.2 with PID 37644 (C:\Vasu-Local\Java-Microservices\movie-db-service\target\classes started by Vasu_Seelamneni in C:\Vasu-Local\Java-Microservices\movie-db-service)
22:51:57.737 [main] INFO  com.msp.MovieDbServiceApplication - No active profile set, falling back to 1 default profile: "default"
22:52:00.036 [main] INFO  o.s.d.r.c.RepositoryConfigurationDelegate - Bootstrapping Spring Data JPA repositories in DEFAULT mode.
22:52:00.268 [main] INFO  o.s.d.r.c.RepositoryConfigurationDelegate - Finished Spring Data repository scanning in 214 ms. Found 6 JPA repository interfaces.
22:52:01.966 [main] INFO  o.s.b.w.e.tomcat.TomcatWebServer - Tomcat initialized with port 8080 (http)
22:52:01.997 [main] INFO  o.a.coyote.http11.Http11NioProtocol - Initializing ProtocolHandler ["http-nio-8080"]
22:52:02.006 [main] INFO  o.a.catalina.core.StandardService - Starting service [Tomcat]
22:52:02.006 [main] INFO  o.a.catalina.core.StandardEngine - Starting Servlet engine: [Apache Tomcat/10.1.31]
22:52:02.164 [main] INFO  o.a.c.c.C.[Tomcat].[localhost].[/] - Initializing Spring embedded WebApplicationContext
22:52:02.166 [main] INFO  o.s.b.w.s.c.ServletWebServerApplicationContext - Root WebApplicationContext: initialization completed in 4362 ms
22:52:02.891 [main] INFO  o.h.jpa.internal.util.LogHelper - HHH000204: Processing PersistenceUnitInfo [name: default]
22:52:03.073 [main] INFO  org.hibernate.Version - HHH000412: Hibernate ORM core version 6.5.3.Final
22:52:03.146 [main] INFO  o.h.c.i.RegionFactoryInitiator - HHH000026: Second-level cache disabled
22:52:04.008 [main] INFO  o.s.o.j.p.SpringPersistenceUnitInfo - No LoadTimeWeaver setup: ignoring JPA class transformer
22:52:04.105 [main] INFO  com.zaxxer.hikari.HikariDataSource - HikariPool-1 - Starting...
22:52:04.317 [main] INFO  com.zaxxer.hikari.pool.HikariPool - HikariPool-1 - Added connection org.postgresql.jdbc.PgConnection@5c60f096
22:52:04.319 [main] INFO  com.zaxxer.hikari.HikariDataSource - HikariPool-1 - Start completed.
22:52:04.358 [main] WARN  org.hibernate.orm.deprecation - HHH90000025: PostgreSQLDialect does not need to be specified explicitly using 'hibernate.dialect' (remove the property setting and it will be selected by default)
22:52:05.196 [main] WARN  org.hibernate.mapping.RootClass - HHH000038: Composite-id class does not override equals(): com.msp.movie.db.model.MovieActorId
22:52:05.197 [main] WARN  org.hibernate.mapping.RootClass - HHH000039: Composite-id class does not override hashCode(): com.msp.movie.db.model.MovieActorId
22:52:06.881 [main] INFO  o.h.e.t.j.p.i.JtaPlatformInitiator - HHH000489: No JTA platform available (set 'hibernate.transaction.jta.platform' to enable JTA platform integration)
22:52:07.050 [main] INFO  o.s.o.j.LocalContainerEntityManagerFactoryBean - Initialized JPA EntityManagerFactory for persistence unit 'default'
22:52:08.020 [main] WARN  o.s.b.a.o.j.JpaBaseConfiguration$JpaWebConfiguration - spring.jpa.open-in-view is enabled by default. Therefore, database queries may be performed during view rendering. Explicitly configure spring.jpa.open-in-view to disable this warning
22:52:09.696 [main] INFO  o.s.b.a.e.web.EndpointLinksResolver - Exposing 1 endpoint beneath base path '/actuator'
22:52:09.870 [main] INFO  o.a.coyote.http11.Http11NioProtocol - Starting ProtocolHandler ["http-nio-8080"]
22:52:09.912 [main] INFO  o.s.b.w.e.tomcat.TomcatWebServer - Tomcat started on port 8080 (http) with context path '/'
22:52:09.938 [main] INFO  com.msp.MovieDbServiceApplication - Started MovieDbServiceApplication in 12.752 seconds (process running for 14.336)
22:52:21.190 [http-nio-8080-exec-2] INFO  o.a.c.c.C.[Tomcat].[localhost].[/] - Initializing Spring DispatcherServlet 'dispatcherServlet'
22:52:21.191 [http-nio-8080-exec-2] INFO  o.s.web.servlet.DispatcherServlet - Initializing Servlet 'dispatcherServlet'
22:52:21.193 [http-nio-8080-exec-2] INFO  o.s.web.servlet.DispatcherServlet - Completed initialization in 2 ms
22:52:43.661 [SpringApplicationShutdownHook] INFO  o.s.o.j.LocalContainerEntityManagerFactoryBean - Closing JPA EntityManagerFactory for persistence unit 'default'
22:52:43.662 [SpringApplicationShutdownHook] INFO  com.zaxxer.hikari.HikariDataSource - HikariPool-1 - Shutdown initiated...
22:52:43.667 [SpringApplicationShutdownHook] INFO  com.zaxxer.hikari.HikariDataSource - HikariPool-1 - Shutdown completed.
22:52:49.147 [main] INFO  com.msp.MovieDbServiceApplication - Starting MovieDbServiceApplication using Java 21.0.2 with PID 33900 (C:\Vasu-Local\Java-Microservices\movie-db-service\target\classes started by Vasu_Seelamneni in C:\Vasu-Local\Java-Microservices\movie-db-service)
22:52:49.149 [main] INFO  com.msp.MovieDbServiceApplication - No active profile set, falling back to 1 default profile: "default"
22:52:50.002 [main] INFO  o.s.d.r.c.RepositoryConfigurationDelegate - Bootstrapping Spring Data JPA repositories in DEFAULT mode.
22:52:50.093 [main] INFO  o.s.d.r.c.RepositoryConfigurationDelegate - Finished Spring Data repository scanning in 84 ms. Found 6 JPA repository interfaces.
22:52:50.856 [main] INFO  o.s.b.w.e.tomcat.TomcatWebServer - Tomcat initialized with port 8080 (http)
22:52:50.883 [main] INFO  o.a.coyote.http11.Http11NioProtocol - Initializing ProtocolHandler ["http-nio-8080"]
22:52:50.891 [main] INFO  o.a.catalina.core.StandardService - Starting service [Tomcat]
22:52:50.891 [main] INFO  o.a.catalina.core.StandardEngine - Starting Servlet engine: [Apache Tomcat/10.1.31]
22:52:51.033 [main] INFO  o.a.c.c.C.[Tomcat].[localhost].[/] - Initializing Spring embedded WebApplicationContext
22:52:51.034 [main] INFO  o.s.b.w.s.c.ServletWebServerApplicationContext - Root WebApplicationContext: initialization completed in 1833 ms
22:52:51.799 [main] INFO  o.h.jpa.internal.util.LogHelper - HHH000204: Processing PersistenceUnitInfo [name: default]
22:52:51.965 [main] INFO  org.hibernate.Version - HHH000412: Hibernate ORM core version 6.5.3.Final
22:52:52.057 [main] INFO  o.h.c.i.RegionFactoryInitiator - HHH000026: Second-level cache disabled
22:52:52.846 [main] INFO  o.s.o.j.p.SpringPersistenceUnitInfo - No LoadTimeWeaver setup: ignoring JPA class transformer
22:52:52.925 [main] INFO  com.zaxxer.hikari.HikariDataSource - HikariPool-1 - Starting...
22:52:53.130 [main] INFO  com.zaxxer.hikari.pool.HikariPool - HikariPool-1 - Added connection org.postgresql.jdbc.PgConnection@7b10472e
22:52:53.135 [main] INFO  com.zaxxer.hikari.HikariDataSource - HikariPool-1 - Start completed.
22:52:53.204 [main] WARN  org.hibernate.orm.deprecation - HHH90000025: PostgreSQLDialect does not need to be specified explicitly using 'hibernate.dialect' (remove the property setting and it will be selected by default)
22:52:53.905 [main] WARN  org.hibernate.mapping.RootClass - HHH000038: Composite-id class does not override equals(): com.msp.movie.db.model.MovieActorId
22:52:53.905 [main] WARN  org.hibernate.mapping.RootClass - HHH000039: Composite-id class does not override hashCode(): com.msp.movie.db.model.MovieActorId
22:52:55.519 [main] INFO  o.h.e.t.j.p.i.JtaPlatformInitiator - HHH000489: No JTA platform available (set 'hibernate.transaction.jta.platform' to enable JTA platform integration)
22:52:55.686 [main] INFO  o.s.o.j.LocalContainerEntityManagerFactoryBean - Initialized JPA EntityManagerFactory for persistence unit 'default'
22:52:56.653 [main] WARN  o.s.b.a.o.j.JpaBaseConfiguration$JpaWebConfiguration - spring.jpa.open-in-view is enabled by default. Therefore, database queries may be performed during view rendering. Explicitly configure spring.jpa.open-in-view to disable this warning
22:52:58.390 [main] INFO  o.s.b.a.e.web.EndpointLinksResolver - Exposing 1 endpoint beneath base path '/actuator'
22:52:58.557 [main] INFO  o.a.coyote.http11.Http11NioProtocol - Starting ProtocolHandler ["http-nio-8080"]
22:52:58.614 [main] INFO  o.s.b.w.e.tomcat.TomcatWebServer - Tomcat started on port 8080 (http) with context path '/'
22:52:58.642 [main] INFO  com.msp.MovieDbServiceApplication - Started MovieDbServiceApplication in 9.794 seconds (process running for 10.922)
22:52:59.122 [RMI TCP Connection(2)-192.168.0.143] INFO  o.a.c.c.C.[Tomcat].[localhost].[/] - Initializing Spring DispatcherServlet 'dispatcherServlet'
22:52:59.122 [RMI TCP Connection(2)-192.168.0.143] INFO  o.s.web.servlet.DispatcherServlet - Initializing Servlet 'dispatcherServlet'
22:52:59.124 [RMI TCP Connection(2)-192.168.0.143] INFO  o.s.web.servlet.DispatcherServlet - Completed initialization in 2 ms
22:54:07.376 [SpringApplicationShutdownHook] INFO  o.s.o.j.LocalContainerEntityManagerFactoryBean - Closing JPA EntityManagerFactory for persistence unit 'default'
22:54:07.378 [SpringApplicationShutdownHook] INFO  com.zaxxer.hikari.HikariDataSource - HikariPool-1 - Shutdown initiated...
22:54:07.384 [SpringApplicationShutdownHook] INFO  com.zaxxer.hikari.HikariDataSource - HikariPool-1 - Shutdown completed.
22:54:12.897 [main] INFO  com.msp.MovieDbServiceApplication - Starting MovieDbServiceApplication using Java 21.0.2 with PID 2632 (C:\Vasu-Local\Java-Microservices\movie-db-service\target\classes started by Vasu_Seelamneni in C:\Vasu-Local\Java-Microservices\movie-db-service)
22:54:12.899 [main] INFO  com.msp.MovieDbServiceApplication - No active profile set, falling back to 1 default profile: "default"
22:54:13.901 [main] INFO  o.s.d.r.c.RepositoryConfigurationDelegate - Bootstrapping Spring Data JPA repositories in DEFAULT mode.
22:54:14.003 [main] INFO  o.s.d.r.c.RepositoryConfigurationDelegate - Finished Spring Data repository scanning in 95 ms. Found 6 JPA repository interfaces.
22:54:15.526 [main] INFO  o.s.b.w.e.tomcat.TomcatWebServer - Tomcat initialized with port 8080 (http)
22:54:15.550 [main] INFO  o.a.coyote.http11.Http11NioProtocol - Initializing ProtocolHandler ["http-nio-8080"]
22:54:15.558 [main] INFO  o.a.catalina.core.StandardService - Starting service [Tomcat]
22:54:15.559 [main] INFO  o.a.catalina.core.StandardEngine - Starting Servlet engine: [Apache Tomcat/10.1.31]
22:54:15.728 [main] INFO  o.a.c.c.C.[Tomcat].[localhost].[/] - Initializing Spring embedded WebApplicationContext
22:54:15.729 [main] INFO  o.s.b.w.s.c.ServletWebServerApplicationContext - Root WebApplicationContext: initialization completed in 2781 ms
22:54:16.465 [main] INFO  o.h.jpa.internal.util.LogHelper - HHH000204: Processing PersistenceUnitInfo [name: default]
22:54:16.620 [main] INFO  org.hibernate.Version - HHH000412: Hibernate ORM core version 6.5.3.Final
22:54:16.792 [main] INFO  o.h.c.i.RegionFactoryInitiator - HHH000026: Second-level cache disabled
22:54:17.753 [main] INFO  o.s.o.j.p.SpringPersistenceUnitInfo - No LoadTimeWeaver setup: ignoring JPA class transformer
22:54:17.845 [main] INFO  com.zaxxer.hikari.HikariDataSource - HikariPool-1 - Starting...
22:54:18.122 [main] INFO  com.zaxxer.hikari.pool.HikariPool - HikariPool-1 - Added connection org.postgresql.jdbc.PgConnection@20556566
22:54:18.124 [main] INFO  com.zaxxer.hikari.HikariDataSource - HikariPool-1 - Start completed.
22:54:18.170 [main] WARN  org.hibernate.orm.deprecation - HHH90000025: PostgreSQLDialect does not need to be specified explicitly using 'hibernate.dialect' (remove the property setting and it will be selected by default)
22:54:18.915 [main] WARN  org.hibernate.mapping.RootClass - HHH000038: Composite-id class does not override equals(): com.msp.movie.db.model.MovieActorId
22:54:18.915 [main] WARN  org.hibernate.mapping.RootClass - HHH000039: Composite-id class does not override hashCode(): com.msp.movie.db.model.MovieActorId
22:54:20.510 [main] INFO  o.h.e.t.j.p.i.JtaPlatformInitiator - HHH000489: No JTA platform available (set 'hibernate.transaction.jta.platform' to enable JTA platform integration)
22:54:20.693 [main] INFO  o.s.o.j.LocalContainerEntityManagerFactoryBean - Initialized JPA EntityManagerFactory for persistence unit 'default'
22:54:21.971 [main] WARN  o.s.b.a.o.j.JpaBaseConfiguration$JpaWebConfiguration - spring.jpa.open-in-view is enabled by default. Therefore, database queries may be performed during view rendering. Explicitly configure spring.jpa.open-in-view to disable this warning
22:54:23.816 [main] INFO  o.s.b.a.e.web.EndpointLinksResolver - Exposing 1 endpoint beneath base path '/actuator'
22:54:23.968 [main] INFO  o.a.coyote.http11.Http11NioProtocol - Starting ProtocolHandler ["http-nio-8080"]
22:54:24.026 [main] INFO  o.s.b.w.e.tomcat.TomcatWebServer - Tomcat started on port 8080 (http) with context path '/'
22:54:24.048 [main] INFO  com.msp.MovieDbServiceApplication - Started MovieDbServiceApplication in 11.517 seconds (process running for 12.643)
22:54:24.303 [RMI TCP Connection(2)-192.168.0.143] INFO  o.a.c.c.C.[Tomcat].[localhost].[/] - Initializing Spring DispatcherServlet 'dispatcherServlet'
22:54:24.304 [RMI TCP Connection(2)-192.168.0.143] INFO  o.s.web.servlet.DispatcherServlet - Initializing Servlet 'dispatcherServlet'
22:54:24.306 [RMI TCP Connection(2)-192.168.0.143] INFO  o.s.web.servlet.DispatcherServlet - Completed initialization in 2 ms
22:54:42.869 [http-nio-8080-exec-1] WARN  c.f.j.d.PropertyNamingStrategy$UpperCamelCaseStrategy - PropertyNamingStrategy.UpperCamelCaseStrategy is used but it has been deprecated due to risk of deadlock. Consider using PropertyNamingStrategies.UpperCamelCaseStrategy instead. See https://github.com/FasterXML/jackson-databind/issues/2715 for more details.
22:54:46.068 [http-nio-8080-exec-1] WARN  c.f.j.d.PropertyNamingStrategy$UpperCamelCaseStrategy - PropertyNamingStrategy.UpperCamelCaseStrategy is used but it has been deprecated due to risk of deadlock. Consider using PropertyNamingStrategies.UpperCamelCaseStrategy instead. See https://github.com/FasterXML/jackson-databind/issues/2715 for more details.
22:54:46.070 [http-nio-8080-exec-1] WARN  c.f.j.d.PropertyNamingStrategy$UpperCamelCaseStrategy - PropertyNamingStrategy.UpperCamelCaseStrategy is used but it has been deprecated due to risk of deadlock. Consider using PropertyNamingStrategies.UpperCamelCaseStrategy instead. See https://github.com/FasterXML/jackson-databind/issues/2715 for more details.
22:55:21.224 [http-nio-8080-exec-2] WARN  c.f.j.d.PropertyNamingStrategy$UpperCamelCaseStrategy - PropertyNamingStrategy.UpperCamelCaseStrategy is used but it has been deprecated due to risk of deadlock. Consider using PropertyNamingStrategies.UpperCamelCaseStrategy instead. See https://github.com/FasterXML/jackson-databind/issues/2715 for more details.
